<?xml version="1.0" encoding="UTF-8"?>
<!-- Generated by org.testng.reporters.JUnitReportReporter -->
<testsuite hostname="DESKTOP-Q6I5T1C" failures="0" tests="1" name="com.testcases.AmazonProductVerification" time="115.862" errors="0" timestamp="2022-10-19T02:28:04 IST" skipped="0">
  <testcase classname="com.testcases.AmazonProductVerification" name="searchProdcuts" time="115.862"/>
  <system-out/>
</testsuite> <!-- com.testcases.AmazonProductVerification -->
